Lexical Analyzer: Token Stream Output
....
program 
identifier 
; 
var 
identifier 
, 
identifier 
, 
identifier 
: 
integer 
; 
identifier 
: 
boolean 
; 
procedure 
identifier 
open_parenthesis 
identifier 
: 
boolean 
close_parenthesis 
; 
begin 
identifier 
assignation 
number 
; 
end 
; 
procedure 
identifier 
open_parenthesis 
identifier 
: 
boolean 
; 
identifier 
: 
integer 
close_parenthesis 
; 
begin 
identifier 
assignation 
number 
; 
end 
; 
begin 
identifier 
open_parenthesis 
identifier 
, 
number 
+ 
number 
close_parenthesis 
; 
identifier 
open_parenthesis 
open_parenthesis 
open_parenthesis 
identifier 
> 
open_parenthesis 
number 
* 
number 
* 
identifier 
close_parenthesis 
close_parenthesis 
close_parenthesis 
unknown 
open_parenthesis 
number 
<> 
number 
close_parenthesis 
unknown 
true 
unknown 
open_parenthesis 
identifier 
> 
number 
close_parenthesis 
close_parenthesis 
; 
if 
identifier 
then 
write 
open_parenthesis 
number 
close_parenthesis 
else 
write 
open_parenthesis 
number 
close_parenthesis 
; 
end 
. 
End of file 
......
